[2.349s] Invoking command in '/home/ayush/drone-ws-code/swarm_node': DEBUGINFOD_URLS=https://debuginfod.ubuntu.com PS1=(sentry_env) \[\e]0;\u@\h: \w\a\]${debian_chroot:+($debian_chroot)}\[\033[01;32m\]\u@\h\[\033[00m\]:\[\033[01;34m\]\w\[\033[00m\]\$ PYTHONPATH=/home/ayush/drone-ws-code/build/swarm_node/prefix_override:/usr/lib/python3/dist-packages/colcon_core/task/python/colcon_distutils_commands:/home/ayush/drone-ws-code/install/swarm_node/lib/python3.12/site-packages:${PYTHONPATH} VIRTUAL_ENV_PROMPT=(sentry_env) /usr/bin/python3 -W ignore:setup.py install is deprecated -W ignore:easy_install command is deprecated setup.py egg_info --egg-base ../build/swarm_node build --build-base /home/ayush/drone-ws-code/build/swarm_node/build install --record /home/ayush/drone-ws-code/build/swarm_node/install.log --single-version-externally-managed install_data
[2.948s] running egg_info
[3.032s] writing ../build/swarm_node/swarm_node.egg-info/PKG-INFO
[3.032s] writing dependency_links to ../build/swarm_node/swarm_node.egg-info/dependency_links.txt
[3.032s] writing entry points to ../build/swarm_node/swarm_node.egg-info/entry_points.txt
[3.032s] writing requirements to ../build/swarm_node/swarm_node.egg-info/requires.txt
[3.033s] writing top-level names to ../build/swarm_node/swarm_node.egg-info/top_level.txt
[3.151s] reading manifest file '../build/swarm_node/swarm_node.egg-info/SOURCES.txt'
[3.152s] writing manifest file '../build/swarm_node/swarm_node.egg-info/SOURCES.txt'
[3.152s] running build
[3.152s] running build_py
[3.152s] running install
[3.175s] running install_lib
[3.210s] running install_data
[3.210s] running install_egg_info
[3.230s] removing '/home/ayush/drone-ws-code/install/swarm_node/lib/python3.12/site-packages/swarm_node-0.0.0-py3.12.egg-info' (and everything under it)
[3.231s] Copying ../build/swarm_node/swarm_node.egg-info to /home/ayush/drone-ws-code/install/swarm_node/lib/python3.12/site-packages/swarm_node-0.0.0-py3.12.egg-info
[3.231s] running install_scripts
[3.347s] Installing rgb_node script to /home/ayush/drone-ws-code/install/swarm_node/lib/swarm_node
[3.347s] writing list of installed files to '/home/ayush/drone-ws-code/build/swarm_node/install.log'
[3.486s] Invoked command in '/home/ayush/drone-ws-code/swarm_node' returned '0': DEBUGINFOD_URLS=https://debuginfod.ubuntu.com PS1=(sentry_env) \[\e]0;\u@\h: \w\a\]${debian_chroot:+($debian_chroot)}\[\033[01;32m\]\u@\h\[\033[00m\]:\[\033[01;34m\]\w\[\033[00m\]\$ PYTHONPATH=/home/ayush/drone-ws-code/build/swarm_node/prefix_override:/usr/lib/python3/dist-packages/colcon_core/task/python/colcon_distutils_commands:/home/ayush/drone-ws-code/install/swarm_node/lib/python3.12/site-packages:${PYTHONPATH} VIRTUAL_ENV_PROMPT=(sentry_env) /usr/bin/python3 -W ignore:setup.py install is deprecated -W ignore:easy_install command is deprecated setup.py egg_info --egg-base ../build/swarm_node build --build-base /home/ayush/drone-ws-code/build/swarm_node/build install --record /home/ayush/drone-ws-code/build/swarm_node/install.log --single-version-externally-managed install_data
