[0.675s] Invoking command in '/home/ayush/drone-ws-code/swarm_node': DEBUGINFOD_URLS=https://debuginfod.ubuntu.com PYTHONPATH=/home/ayush/drone-ws-code/build/swarm_node/prefix_override:/usr/lib/python3/dist-packages/colcon_core/task/python/colcon_distutils_commands:/home/ayush/drone-ws-code/install/swarm_node/lib/python3.12/site-packages:${PYTHONPATH} /usr/bin/python3 -W ignore:setup.py install is deprecated -W ignore:easy_install command is deprecated setup.py egg_info --egg-base ../build/swarm_node build --build-base /home/ayush/drone-ws-code/build/swarm_node/build install --record /home/ayush/drone-ws-code/build/swarm_node/install.log --single-version-externally-managed install_data
[0.821s] running egg_info
[0.831s] writing ../build/swarm_node/swarm_node.egg-info/PKG-INFO
[0.831s] writing dependency_links to ../build/swarm_node/swarm_node.egg-info/dependency_links.txt
[0.831s] writing entry points to ../build/swarm_node/swarm_node.egg-info/entry_points.txt
[0.831s] writing requirements to ../build/swarm_node/swarm_node.egg-info/requires.txt
[0.832s] writing top-level names to ../build/swarm_node/swarm_node.egg-info/top_level.txt
[0.851s] reading manifest file '../build/swarm_node/swarm_node.egg-info/SOURCES.txt'
[0.852s] writing manifest file '../build/swarm_node/swarm_node.egg-info/SOURCES.txt'
[0.852s] running build
[0.852s] running build_py
[0.852s] running install
[0.856s] running install_lib
[0.866s] running install_data
[0.866s] running install_egg_info
[0.877s] removing '/home/ayush/drone-ws-code/install/swarm_node/lib/python3.12/site-packages/swarm_node-0.0.0-py3.12.egg-info' (and everything under it)
[0.877s] Copying ../build/swarm_node/swarm_node.egg-info to /home/ayush/drone-ws-code/install/swarm_node/lib/python3.12/site-packages/swarm_node-0.0.0-py3.12.egg-info
[0.877s] running install_scripts
[0.948s] Installing rgb_node script to /home/ayush/drone-ws-code/install/swarm_node/lib/swarm_node
[0.948s] writing list of installed files to '/home/ayush/drone-ws-code/build/swarm_node/install.log'
[0.968s] Invoked command in '/home/ayush/drone-ws-code/swarm_node' returned '0': DEBUGINFOD_URLS=https://debuginfod.ubuntu.com PYTHONPATH=/home/ayush/drone-ws-code/build/swarm_node/prefix_override:/usr/lib/python3/dist-packages/colcon_core/task/python/colcon_distutils_commands:/home/ayush/drone-ws-code/install/swarm_node/lib/python3.12/site-packages:${PYTHONPATH} /usr/bin/python3 -W ignore:setup.py install is deprecated -W ignore:easy_install command is deprecated setup.py egg_info --egg-base ../build/swarm_node build --build-base /home/ayush/drone-ws-code/build/swarm_node/build install --record /home/ayush/drone-ws-code/build/swarm_node/install.log --single-version-externally-managed install_data
