running egg_info
creating ../build/swarm_node/swarm_node.egg-info
writing ../build/swarm_node/swarm_node.egg-info/PKG-INFO
writing dependency_links to ../build/swarm_node/swarm_node.egg-info/dependency_links.txt
writing entry points to ../build/swarm_node/swarm_node.egg-info/entry_points.txt
writing requirements to ../build/swarm_node/swarm_node.egg-info/requires.txt
writing top-level names to ../build/swarm_node/swarm_node.egg-info/top_level.txt
writing manifest file '../build/swarm_node/swarm_node.egg-info/SOURCES.txt'
reading manifest file '../build/swarm_node/swarm_node.egg-info/SOURCES.txt'
writing manifest file '../build/swarm_node/swarm_node.egg-info/SOURCES.txt'
running build
running build_py
creating /home/ayush/drone-ws-code/build/swarm_node/build
creating /home/ayush/drone-ws-code/build/swarm_node/build/lib
creating /home/ayush/drone-ws-code/build/swarm_node/build/lib/swarm_node
copying swarm_node/__init__.py -> /home/ayush/drone-ws-code/build/swarm_node/build/lib/swarm_node
copying swarm_node/rgb_node.py -> /home/ayush/drone-ws-code/build/swarm_node/build/lib/swarm_node
running install
running install_lib
creating /home/ayush/drone-ws-code/install/swarm_node/lib/python3.12/site-packages/swarm_node
copying /home/ayush/drone-ws-code/build/swarm_node/build/lib/swarm_node/__init__.py -> /home/ayush/drone-ws-code/install/swarm_node/lib/python3.12/site-packages/swarm_node
copying /home/ayush/drone-ws-code/build/swarm_node/build/lib/swarm_node/rgb_node.py -> /home/ayush/drone-ws-code/install/swarm_node/lib/python3.12/site-packages/swarm_node
byte-compiling /home/ayush/drone-ws-code/install/swarm_node/lib/python3.12/site-packages/swarm_node/__init__.py to __init__.cpython-312.pyc
byte-compiling /home/ayush/drone-ws-code/install/swarm_node/lib/python3.12/site-packages/swarm_node/rgb_node.py to rgb_node.cpython-312.pyc
running install_data
creating /home/ayush/drone-ws-code/install/swarm_node/share/ament_index
creating /home/ayush/drone-ws-code/install/swarm_node/share/ament_index/resource_index
creating /home/ayush/drone-ws-code/install/swarm_node/share/ament_index/resource_index/packages
copying resource/swarm_node -> /home/ayush/drone-ws-code/install/swarm_node/share/ament_index/resource_index/packages
copying package.xml -> /home/ayush/drone-ws-code/install/swarm_node/share/swarm_node
running install_egg_info
Copying ../build/swarm_node/swarm_node.egg-info to /home/ayush/drone-ws-code/install/swarm_node/lib/python3.12/site-packages/swarm_node-0.0.0-py3.12.egg-info
running install_scripts
Installing camera_publisher script to /home/ayush/drone-ws-code/install/swarm_node/lib/swarm_node
writing list of installed files to '/home/ayush/drone-ws-code/build/swarm_node/install.log'
