[0.675s] Invoking command in '/home/ayush/drone-ws-code/swarm_node': DEBUGINFOD_URLS=https://debuginfod.ubuntu.com PYTHONPATH=/home/ayush/drone-ws-code/build/swarm_node/prefix_override:/usr/lib/python3/dist-packages/colcon_core/task/python/colcon_distutils_commands:/home/ayush/drone-ws-code/install/swarm_node/lib/python3.12/site-packages:${PYTHONPATH} /usr/bin/python3 -W ignore:setup.py install is deprecated -W ignore:easy_install command is deprecated setup.py egg_info --egg-base ../build/swarm_node build --build-base /home/ayush/drone-ws-code/build/swarm_node/build install --record /home/ayush/drone-ws-code/build/swarm_node/install.log --single-version-externally-managed install_data
[0.854s] running egg_info
[0.854s] creating ../build/swarm_node/swarm_node.egg-info
[0.865s] writing ../build/swarm_node/swarm_node.egg-info/PKG-INFO
[0.865s] writing dependency_links to ../build/swarm_node/swarm_node.egg-info/dependency_links.txt
[0.865s] writing entry points to ../build/swarm_node/swarm_node.egg-info/entry_points.txt
[0.865s] writing requirements to ../build/swarm_node/swarm_node.egg-info/requires.txt
[0.865s] writing top-level names to ../build/swarm_node/swarm_node.egg-info/top_level.txt
[0.866s] writing manifest file '../build/swarm_node/swarm_node.egg-info/SOURCES.txt'
[0.888s] reading manifest file '../build/swarm_node/swarm_node.egg-info/SOURCES.txt'
[0.889s] writing manifest file '../build/swarm_node/swarm_node.egg-info/SOURCES.txt'
[0.889s] running build
[0.889s] running build_py
[0.889s] creating /home/ayush/drone-ws-code/build/swarm_node/build
[0.889s] creating /home/ayush/drone-ws-code/build/swarm_node/build/lib
[0.889s] creating /home/ayush/drone-ws-code/build/swarm_node/build/lib/swarm_node
[0.889s] copying swarm_node/__init__.py -> /home/ayush/drone-ws-code/build/swarm_node/build/lib/swarm_node
[0.889s] copying swarm_node/rgb_node.py -> /home/ayush/drone-ws-code/build/swarm_node/build/lib/swarm_node
[0.889s] running install
[0.893s] running install_lib
[0.905s] creating /home/ayush/drone-ws-code/install/swarm_node/lib/python3.12/site-packages/swarm_node
[0.905s] copying /home/ayush/drone-ws-code/build/swarm_node/build/lib/swarm_node/__init__.py -> /home/ayush/drone-ws-code/install/swarm_node/lib/python3.12/site-packages/swarm_node
[0.905s] copying /home/ayush/drone-ws-code/build/swarm_node/build/lib/swarm_node/rgb_node.py -> /home/ayush/drone-ws-code/install/swarm_node/lib/python3.12/site-packages/swarm_node
[0.906s] byte-compiling /home/ayush/drone-ws-code/install/swarm_node/lib/python3.12/site-packages/swarm_node/__init__.py to __init__.cpython-312.pyc
[0.906s] byte-compiling /home/ayush/drone-ws-code/install/swarm_node/lib/python3.12/site-packages/swarm_node/rgb_node.py to rgb_node.cpython-312.pyc
[0.906s] running install_data
[0.906s] creating /home/ayush/drone-ws-code/install/swarm_node/share/ament_index
[0.906s] creating /home/ayush/drone-ws-code/install/swarm_node/share/ament_index/resource_index
[0.906s] creating /home/ayush/drone-ws-code/install/swarm_node/share/ament_index/resource_index/packages
[0.906s] copying resource/swarm_node -> /home/ayush/drone-ws-code/install/swarm_node/share/ament_index/resource_index/packages
[0.906s] copying package.xml -> /home/ayush/drone-ws-code/install/swarm_node/share/swarm_node
[0.906s] running install_egg_info
[0.919s] Copying ../build/swarm_node/swarm_node.egg-info to /home/ayush/drone-ws-code/install/swarm_node/lib/python3.12/site-packages/swarm_node-0.0.0-py3.12.egg-info
[0.919s] running install_scripts
[0.995s] Installing camera_publisher script to /home/ayush/drone-ws-code/install/swarm_node/lib/swarm_node
[0.996s] writing list of installed files to '/home/ayush/drone-ws-code/build/swarm_node/install.log'
[1.026s] Invoked command in '/home/ayush/drone-ws-code/swarm_node' returned '0': DEBUGINFOD_URLS=https://debuginfod.ubuntu.com PYTHONPATH=/home/ayush/drone-ws-code/build/swarm_node/prefix_override:/usr/lib/python3/dist-packages/colcon_core/task/python/colcon_distutils_commands:/home/ayush/drone-ws-code/install/swarm_node/lib/python3.12/site-packages:${PYTHONPATH} /usr/bin/python3 -W ignore:setup.py install is deprecated -W ignore:easy_install command is deprecated setup.py egg_info --egg-base ../build/swarm_node build --build-base /home/ayush/drone-ws-code/build/swarm_node/build install --record /home/ayush/drone-ws-code/build/swarm_node/install.log --single-version-externally-managed install_data
