running egg_info
creating ../build/pymavlink_master/pymavlink_master.egg-info
writing ../build/pymavlink_master/pymavlink_master.egg-info/PKG-INFO
writing dependency_links to ../build/pymavlink_master/pymavlink_master.egg-info/dependency_links.txt
writing requirements to ../build/pymavlink_master/pymavlink_master.egg-info/requires.txt
writing top-level names to ../build/pymavlink_master/pymavlink_master.egg-info/top_level.txt
writing manifest file '../build/pymavlink_master/pymavlink_master.egg-info/SOURCES.txt'
reading manifest file '../build/pymavlink_master/pymavlink_master.egg-info/SOURCES.txt'
writing manifest file '../build/pymavlink_master/pymavlink_master.egg-info/SOURCES.txt'
running build
running build_py
creating /home/ayush/drone-ws-code/build/pymavlink_master/build
creating /home/ayush/drone-ws-code/build/pymavlink_master/build/lib
creating /home/ayush/drone-ws-code/build/pymavlink_master/build/lib/pymavlink_master
copying pymavlink_master/__init__.py -> /home/ayush/drone-ws-code/build/pymavlink_master/build/lib/pymavlink_master
running install
running install_lib
creating /home/ayush/drone-ws-code/install/pymavlink_master/lib/python3.12/site-packages/pymavlink_master
copying /home/ayush/drone-ws-code/build/pymavlink_master/build/lib/pymavlink_master/__init__.py -> /home/ayush/drone-ws-code/install/pymavlink_master/lib/python3.12/site-packages/pymavlink_master
byte-compiling /home/ayush/drone-ws-code/install/pymavlink_master/lib/python3.12/site-packages/pymavlink_master/__init__.py to __init__.cpython-312.pyc
running install_data
creating /home/ayush/drone-ws-code/install/pymavlink_master/share/ament_index
creating /home/ayush/drone-ws-code/install/pymavlink_master/share/ament_index/resource_index
creating /home/ayush/drone-ws-code/install/pymavlink_master/share/ament_index/resource_index/packages
copying resource/pymavlink_master -> /home/ayush/drone-ws-code/install/pymavlink_master/share/ament_index/resource_index/packages
copying package.xml -> /home/ayush/drone-ws-code/install/pymavlink_master/share/pymavlink_master
running install_egg_info
Copying ../build/pymavlink_master/pymavlink_master.egg-info to /home/ayush/drone-ws-code/install/pymavlink_master/lib/python3.12/site-packages/pymavlink_master-0.0.0-py3.12.egg-info
running install_scripts
writing list of installed files to '/home/ayush/drone-ws-code/build/pymavlink_master/install.log'
