running egg_info
creating ../build/drone_manual/drone_manual.egg-info
writing ../build/drone_manual/drone_manual.egg-info/PKG-INFO
writing dependency_links to ../build/drone_manual/drone_manual.egg-info/dependency_links.txt
writing requirements to ../build/drone_manual/drone_manual.egg-info/requires.txt
writing top-level names to ../build/drone_manual/drone_manual.egg-info/top_level.txt
writing manifest file '../build/drone_manual/drone_manual.egg-info/SOURCES.txt'
reading manifest file '../build/drone_manual/drone_manual.egg-info/SOURCES.txt'
writing manifest file '../build/drone_manual/drone_manual.egg-info/SOURCES.txt'
running build
running build_py
creating /home/ayush/drone-ws-code/build/drone_manual/build
creating /home/ayush/drone-ws-code/build/drone_manual/build/lib
creating /home/ayush/drone-ws-code/build/drone_manual/build/lib/drone_manual
copying drone_manual/__init__.py -> /home/ayush/drone-ws-code/build/drone_manual/build/lib/drone_manual
running install
running install_lib
creating /home/ayush/drone-ws-code/install/drone_manual/lib/python3.12/site-packages/drone_manual
copying /home/ayush/drone-ws-code/build/drone_manual/build/lib/drone_manual/__init__.py -> /home/ayush/drone-ws-code/install/drone_manual/lib/python3.12/site-packages/drone_manual
byte-compiling /home/ayush/drone-ws-code/install/drone_manual/lib/python3.12/site-packages/drone_manual/__init__.py to __init__.cpython-312.pyc
running install_data
creating /home/ayush/drone-ws-code/install/drone_manual/share/ament_index
creating /home/ayush/drone-ws-code/install/drone_manual/share/ament_index/resource_index
creating /home/ayush/drone-ws-code/install/drone_manual/share/ament_index/resource_index/packages
copying resource/drone_manual -> /home/ayush/drone-ws-code/install/drone_manual/share/ament_index/resource_index/packages
copying package.xml -> /home/ayush/drone-ws-code/install/drone_manual/share/drone_manual
running install_egg_info
Copying ../build/drone_manual/drone_manual.egg-info to /home/ayush/drone-ws-code/install/drone_manual/lib/python3.12/site-packages/drone_manual-0.0.0-py3.12.egg-info
running install_scripts
writing list of installed files to '/home/ayush/drone-ws-code/build/drone_manual/install.log'
