[0.668s] Invoking command in '/home/ayush/drone-ws-code/drone_manual': DEBUGINFOD_URLS=https://debuginfod.ubuntu.com PYTHONPATH=/home/ayush/drone-ws-code/build/drone_manual/prefix_override:/usr/lib/python3/dist-packages/colcon_core/task/python/colcon_distutils_commands:/home/ayush/drone-ws-code/install/drone_manual/lib/python3.12/site-packages:${PYTHONPATH} /usr/bin/python3 -W ignore:setup.py install is deprecated -W ignore:easy_install command is deprecated setup.py egg_info --egg-base ../build/drone_manual build --build-base /home/ayush/drone-ws-code/build/drone_manual/build install --record /home/ayush/drone-ws-code/build/drone_manual/install.log --single-version-externally-managed install_data
[0.825s] running egg_info
[0.825s] creating ../build/drone_manual/drone_manual.egg-info
[0.835s] writing ../build/drone_manual/drone_manual.egg-info/PKG-INFO
[0.835s] writing dependency_links to ../build/drone_manual/drone_manual.egg-info/dependency_links.txt
[0.835s] writing requirements to ../build/drone_manual/drone_manual.egg-info/requires.txt
[0.835s] writing top-level names to ../build/drone_manual/drone_manual.egg-info/top_level.txt
[0.835s] writing manifest file '../build/drone_manual/drone_manual.egg-info/SOURCES.txt'
[0.856s] reading manifest file '../build/drone_manual/drone_manual.egg-info/SOURCES.txt'
[0.856s] writing manifest file '../build/drone_manual/drone_manual.egg-info/SOURCES.txt'
[0.856s] running build
[0.856s] running build_py
[0.856s] creating /home/ayush/drone-ws-code/build/drone_manual/build
[0.856s] creating /home/ayush/drone-ws-code/build/drone_manual/build/lib
[0.856s] creating /home/ayush/drone-ws-code/build/drone_manual/build/lib/drone_manual
[0.856s] copying drone_manual/__init__.py -> /home/ayush/drone-ws-code/build/drone_manual/build/lib/drone_manual
[0.856s] running install
[0.860s] running install_lib
[0.871s] creating /home/ayush/drone-ws-code/install/drone_manual/lib/python3.12/site-packages/drone_manual
[0.871s] copying /home/ayush/drone-ws-code/build/drone_manual/build/lib/drone_manual/__init__.py -> /home/ayush/drone-ws-code/install/drone_manual/lib/python3.12/site-packages/drone_manual
[0.872s] byte-compiling /home/ayush/drone-ws-code/install/drone_manual/lib/python3.12/site-packages/drone_manual/__init__.py to __init__.cpython-312.pyc
[0.872s] running install_data
[0.872s] creating /home/ayush/drone-ws-code/install/drone_manual/share/ament_index
[0.872s] creating /home/ayush/drone-ws-code/install/drone_manual/share/ament_index/resource_index
[0.872s] creating /home/ayush/drone-ws-code/install/drone_manual/share/ament_index/resource_index/packages
[0.873s] copying resource/drone_manual -> /home/ayush/drone-ws-code/install/drone_manual/share/ament_index/resource_index/packages
[0.873s] copying package.xml -> /home/ayush/drone-ws-code/install/drone_manual/share/drone_manual
[0.873s] running install_egg_info
[0.885s] Copying ../build/drone_manual/drone_manual.egg-info to /home/ayush/drone-ws-code/install/drone_manual/lib/python3.12/site-packages/drone_manual-0.0.0-py3.12.egg-info
[0.885s] running install_scripts
[0.957s] writing list of installed files to '/home/ayush/drone-ws-code/build/drone_manual/install.log'
[0.978s] Invoked command in '/home/ayush/drone-ws-code/drone_manual' returned '0': DEBUGINFOD_URLS=https://debuginfod.ubuntu.com PYTHONPATH=/home/ayush/drone-ws-code/build/drone_manual/prefix_override:/usr/lib/python3/dist-packages/colcon_core/task/python/colcon_distutils_commands:/home/ayush/drone-ws-code/install/drone_manual/lib/python3.12/site-packages:${PYTHONPATH} /usr/bin/python3 -W ignore:setup.py install is deprecated -W ignore:easy_install command is deprecated setup.py egg_info --egg-base ../build/drone_manual build --build-base /home/ayush/drone-ws-code/build/drone_manual/build install --record /home/ayush/drone-ws-code/build/drone_manual/install.log --single-version-externally-managed install_data
