[0.109s] DEBUG:colcon:Command line arguments: ['/usr/bin/colcon', 'build']
[0.109s] DEBUG:colcon:Parsed command line arguments: Namespace(log_base=None, log_level=None, verb_name='build', build_base='build', install_base='install', merge_install=False, symlink_install=False, test_result_base=None, continue_on_error=False, executor='parallel', parallel_workers=16, event_handlers=None, ignore_user_meta=False, metas=['./colcon.meta'], base_paths=['.'], packages_ignore=None, packages_ignore_regex=None, paths=None, packages_up_to=None, packages_up_to_regex=None, packages_above=None, packages_above_and_dependencies=None, packages_above_depth=None, packages_select_by_dep=None, packages_skip_by_dep=None, packages_skip_up_to=None, packages_select_build_failed=False, packages_skip_build_finished=False, packages_select_test_failures=False, packages_skip_test_passed=False, packages_select=None, packages_skip=None, packages_select_regex=None, packages_skip_regex=None, packages_start=None, packages_end=None, allow_overriding=[], cmake_args=None, cmake_target=None, cmake_target_skip_unavailable=False, cmake_clean_cache=False, cmake_clean_first=False, cmake_force_configure=False, ament_cmake_args=None, catkin_cmake_args=None, catkin_skip_building_tests=False, mixin_files=None, mixin=None, verb_parser=<colcon_mixin.mixin.mixin_argument.MixinArgumentDecorator object at 0x7c571c67cf50>, verb_extension=<colcon_core.verb.build.BuildVerb object at 0x7c571c5f66f0>, main=<bound method BuildVerb.main of <colcon_core.verb.build.BuildVerb object at 0x7c571c5f66f0>>, mixin_verb=('build',))
[0.145s] Level 1:colcon.colcon_core.package_discovery:discover_packages(colcon_meta) check parameters
[0.145s] Level 1:colcon.colcon_core.package_discovery:discover_packages(recursive) check parameters
[0.145s] Level 1:colcon.colcon_core.package_discovery:discover_packages(ignore) check parameters
[0.145s] Level 1:colcon.colcon_core.package_discovery:discover_packages(path) check parameters
[0.145s] Level 1:colcon.colcon_core.package_discovery:discover_packages(colcon_meta) discover
[0.145s] Level 1:colcon.colcon_core.package_discovery:discover_packages(recursive) discover
[0.145s] INFO:colcon.colcon_core.package_discovery:Crawling recursively for packages in '/home/ayush/drone-ws-code'
[0.145s] Level 1:colcon.colcon_core.package_identification:_identify(.) by extensions ['ignore', 'ignore_ament_install']
[0.145s] Level 1:colcon.colcon_core.package_identification:_identify(.) by extension 'ignore'
[0.145s] Level 1:colcon.colcon_core.package_identification:_identify(.) by extension 'ignore_ament_install'
[0.145s] Level 1:colcon.colcon_core.package_identification:_identify(.) by extensions ['colcon_pkg']
[0.145s] Level 1:colcon.colcon_core.package_identification:_identify(.) by extension 'colcon_pkg'
[0.145s] Level 1:colcon.colcon_core.package_identification:_identify(.) by extensions ['colcon_meta']
[0.145s] Level 1:colcon.colcon_core.package_identification:_identify(.) by extension 'colcon_meta'
[0.145s] Level 1:colcon.colcon_core.package_identification:_identify(.) by extensions ['ros']
[0.145s] Level 1:colcon.colcon_core.package_identification:_identify(.) by extension 'ros'
[0.162s] Level 1:colcon.colcon_core.package_identification:_identify(.) by extensions ['cmake', 'python']
[0.162s] Level 1:colcon.colcon_core.package_identification:_identify(.) by extension 'cmake'
[0.162s] Level 1:colcon.colcon_core.package_identification:_identify(.) by extension 'python'
[0.162s] Level 1:colcon.colcon_core.package_identification:_identify(.) by extensions ['python_setup_py']
[0.162s] Level 1:colcon.colcon_core.package_identification:_identify(.) by extension 'python_setup_py'
[0.162s] Level 1:colcon.colcon_core.package_identification:_identify(build) by extensions ['ignore', 'ignore_ament_install']
[0.162s] Level 1:colcon.colcon_core.package_identification:_identify(build) by extension 'ignore'
[0.162s] Level 1:colcon.colcon_core.package_identification:_identify(build) ignored
[0.164s] Level 1:colcon.colcon_core.package_identification:_identify(drone_manual) by extensions ['ignore', 'ignore_ament_install']
[0.164s] Level 1:colcon.colcon_core.package_identification:_identify(drone_manual) by extension 'ignore'
[0.164s] Level 1:colcon.colcon_core.package_identification:_identify(drone_manual) by extension 'ignore_ament_install'
[0.164s] Level 1:colcon.colcon_core.package_identification:_identify(drone_manual) by extensions ['colcon_pkg']
[0.164s] Level 1:colcon.colcon_core.package_identification:_identify(drone_manual) by extension 'colcon_pkg'
[0.164s] Level 1:colcon.colcon_core.package_identification:_identify(drone_manual) by extensions ['colcon_meta']
[0.164s] Level 1:colcon.colcon_core.package_identification:_identify(drone_manual) by extension 'colcon_meta'
[0.164s] Level 1:colcon.colcon_core.package_identification:_identify(drone_manual) by extensions ['ros']
[0.164s] Level 1:colcon.colcon_core.package_identification:_identify(drone_manual) by extension 'ros'
[0.166s] DEBUG:colcon.colcon_core.package_identification:Package 'drone_manual' with type 'ros.ament_python' and name 'drone_manual'
[0.167s] Level 1:colcon.colcon_core.package_identification:_identify(install) by extensions ['ignore', 'ignore_ament_install']
[0.167s] Level 1:colcon.colcon_core.package_identification:_identify(install) by extension 'ignore'
[0.167s] Level 1:colcon.colcon_core.package_identification:_identify(install) ignored
[0.167s] Level 1:colcon.colcon_core.package_identification:_identify(log) by extensions ['ignore', 'ignore_ament_install']
[0.167s] Level 1:colcon.colcon_core.package_identification:_identify(log) by extension 'ignore'
[0.167s] Level 1:colcon.colcon_core.package_identification:_identify(log) ignored
[0.167s] Level 1:colcon.colcon_core.package_identification:_identify(pymavlink_master) by extensions ['ignore', 'ignore_ament_install']
[0.167s] Level 1:colcon.colcon_core.package_identification:_identify(pymavlink_master) by extension 'ignore'
[0.167s] Level 1:colcon.colcon_core.package_identification:_identify(pymavlink_master) by extension 'ignore_ament_install'
[0.167s] Level 1:colcon.colcon_core.package_identification:_identify(pymavlink_master) by extensions ['colcon_pkg']
[0.167s] Level 1:colcon.colcon_core.package_identification:_identify(pymavlink_master) by extension 'colcon_pkg'
[0.167s] Level 1:colcon.colcon_core.package_identification:_identify(pymavlink_master) by extensions ['colcon_meta']
[0.167s] Level 1:colcon.colcon_core.package_identification:_identify(pymavlink_master) by extension 'colcon_meta'
[0.167s] Level 1:colcon.colcon_core.package_identification:_identify(pymavlink_master) by extensions ['ros']
[0.167s] Level 1:colcon.colcon_core.package_identification:_identify(pymavlink_master) by extension 'ros'
[0.167s] DEBUG:colcon.colcon_core.package_identification:Package 'pymavlink_master' with type 'ros.ament_python' and name 'pymavlink_master'
[0.168s] Level 1:colcon.colcon_core.package_identification:_identify(src) by extensions ['ignore', 'ignore_ament_install']
[0.168s] Level 1:colcon.colcon_core.package_identification:_identify(src) by extension 'ignore'
[0.168s] Level 1:colcon.colcon_core.package_identification:_identify(src) by extension 'ignore_ament_install'
[0.168s] Level 1:colcon.colcon_core.package_identification:_identify(src) by extensions ['colcon_pkg']
[0.168s] Level 1:colcon.colcon_core.package_identification:_identify(src) by extension 'colcon_pkg'
[0.168s] Level 1:colcon.colcon_core.package_identification:_identify(src) by extensions ['colcon_meta']
[0.168s] Level 1:colcon.colcon_core.package_identification:_identify(src) by extension 'colcon_meta'
[0.168s] Level 1:colcon.colcon_core.package_identification:_identify(src) by extensions ['ros']
[0.168s] Level 1:colcon.colcon_core.package_identification:_identify(src) by extension 'ros'
[0.168s] Level 1:colcon.colcon_core.package_identification:_identify(src) by extensions ['cmake', 'python']
[0.168s] Level 1:colcon.colcon_core.package_identification:_identify(src) by extension 'cmake'
[0.168s] Level 1:colcon.colcon_core.package_identification:_identify(src) by extension 'python'
[0.168s] Level 1:colcon.colcon_core.package_identification:_identify(src) by extensions ['python_setup_py']
[0.168s] Level 1:colcon.colcon_core.package_identification:_identify(src) by extension 'python_setup_py'
[0.168s] Level 1:colcon.colcon_core.package_identification:_identify(swarm_node) by extensions ['ignore', 'ignore_ament_install']
[0.168s] Level 1:colcon.colcon_core.package_identification:_identify(swarm_node) by extension 'ignore'
[0.168s] Level 1:colcon.colcon_core.package_identification:_identify(swarm_node) by extension 'ignore_ament_install'
[0.168s] Level 1:colcon.colcon_core.package_identification:_identify(swarm_node) by extensions ['colcon_pkg']
[0.168s] Level 1:colcon.colcon_core.package_identification:_identify(swarm_node) by extension 'colcon_pkg'
[0.168s] Level 1:colcon.colcon_core.package_identification:_identify(swarm_node) by extensions ['colcon_meta']
[0.168s] Level 1:colcon.colcon_core.package_identification:_identify(swarm_node) by extension 'colcon_meta'
[0.168s] Level 1:colcon.colcon_core.package_identification:_identify(swarm_node) by extensions ['ros']
[0.168s] Level 1:colcon.colcon_core.package_identification:_identify(swarm_node) by extension 'ros'
[0.169s] DEBUG:colcon.colcon_core.package_identification:Package 'swarm_node' with type 'ros.ament_python' and name 'swarm_node'
[0.169s] Level 1:colcon.colcon_core.package_discovery:discover_packages(recursive) using defaults
[0.169s] Level 1:colcon.colcon_core.package_discovery:discover_packages(ignore) discover
[0.169s] Level 1:colcon.colcon_core.package_discovery:discover_packages(ignore) using defaults
[0.169s] Level 1:colcon.colcon_core.package_discovery:discover_packages(path) discover
[0.169s] Level 1:colcon.colcon_core.package_discovery:discover_packages(path) using defaults
[0.185s] Level 1:colcon.colcon_core.package_discovery:discover_packages(prefix_path) check parameters
[0.185s] Level 1:colcon.colcon_core.package_discovery:discover_packages(prefix_path) discover
[0.187s] DEBUG:colcon.colcon_installed_package_information.package_discovery:Found 2 installed packages in /home/ayush/drone-ws-code/install
[0.188s] DEBUG:colcon.colcon_installed_package_information.package_discovery:Found 296 installed packages in /opt/ros/jazzy
[0.189s] Level 1:colcon.colcon_core.package_discovery:discover_packages(prefix_path) using defaults
[0.230s] Level 5:colcon.colcon_core.verb:set package 'drone_manual' build argument 'cmake_args' from command line to 'None'
[0.230s] Level 5:colcon.colcon_core.verb:set package 'drone_manual' build argument 'cmake_target' from command line to 'None'
[0.231s] Level 5:colcon.colcon_core.verb:set package 'drone_manual' build argument 'cmake_target_skip_unavailable' from command line to 'False'
[0.231s] Level 5:colcon.colcon_core.verb:set package 'drone_manual' build argument 'cmake_clean_cache' from command line to 'False'
[0.231s] Level 5:colcon.colcon_core.verb:set package 'drone_manual' build argument 'cmake_clean_first' from command line to 'False'
[0.231s] Level 5:colcon.colcon_core.verb:set package 'drone_manual' build argument 'cmake_force_configure' from command line to 'False'
[0.231s] Level 5:colcon.colcon_core.verb:set package 'drone_manual' build argument 'ament_cmake_args' from command line to 'None'
[0.231s] Level 5:colcon.colcon_core.verb:set package 'drone_manual' build argument 'catkin_cmake_args' from command line to 'None'
[0.231s] Level 5:colcon.colcon_core.verb:set package 'drone_manual' build argument 'catkin_skip_building_tests' from command line to 'False'
[0.231s] DEBUG:colcon.colcon_core.verb:Building package 'drone_manual' with the following arguments: {'ament_cmake_args': None, 'build_base': '/home/ayush/drone-ws-code/build/drone_manual', 'catkin_cmake_args': None, 'catkin_skip_building_tests': False, 'cmake_args': None, 'cmake_clean_cache': False, 'cmake_clean_first': False, 'cmake_force_configure': False, 'cmake_target': None, 'cmake_target_skip_unavailable': False, 'install_base': '/home/ayush/drone-ws-code/install/drone_manual', 'merge_install': False, 'path': '/home/ayush/drone-ws-code/drone_manual', 'symlink_install': False, 'test_result_base': None}
[0.231s] Level 5:colcon.colcon_core.verb:set package 'pymavlink_master' build argument 'cmake_args' from command line to 'None'
[0.231s] Level 5:colcon.colcon_core.verb:set package 'pymavlink_master' build argument 'cmake_target' from command line to 'None'
[0.231s] Level 5:colcon.colcon_core.verb:set package 'pymavlink_master' build argument 'cmake_target_skip_unavailable' from command line to 'False'
[0.231s] Level 5:colcon.colcon_core.verb:set package 'pymavlink_master' build argument 'cmake_clean_cache' from command line to 'False'
[0.231s] Level 5:colcon.colcon_core.verb:set package 'pymavlink_master' build argument 'cmake_clean_first' from command line to 'False'
[0.231s] Level 5:colcon.colcon_core.verb:set package 'pymavlink_master' build argument 'cmake_force_configure' from command line to 'False'
[0.231s] Level 5:colcon.colcon_core.verb:set package 'pymavlink_master' build argument 'ament_cmake_args' from command line to 'None'
[0.231s] Level 5:colcon.colcon_core.verb:set package 'pymavlink_master' build argument 'catkin_cmake_args' from command line to 'None'
[0.231s] Level 5:colcon.colcon_core.verb:set package 'pymavlink_master' build argument 'catkin_skip_building_tests' from command line to 'False'
[0.231s] DEBUG:colcon.colcon_core.verb:Building package 'pymavlink_master' with the following arguments: {'ament_cmake_args': None, 'build_base': '/home/ayush/drone-ws-code/build/pymavlink_master', 'catkin_cmake_args': None, 'catkin_skip_building_tests': False, 'cmake_args': None, 'cmake_clean_cache': False, 'cmake_clean_first': False, 'cmake_force_configure': False, 'cmake_target': None, 'cmake_target_skip_unavailable': False, 'install_base': '/home/ayush/drone-ws-code/install/pymavlink_master', 'merge_install': False, 'path': '/home/ayush/drone-ws-code/pymavlink_master', 'symlink_install': False, 'test_result_base': None}
[0.231s] Level 5:colcon.colcon_core.verb:set package 'swarm_node' build argument 'cmake_args' from command line to 'None'
[0.231s] Level 5:colcon.colcon_core.verb:set package 'swarm_node' build argument 'cmake_target' from command line to 'None'
[0.231s] Level 5:colcon.colcon_core.verb:set package 'swarm_node' build argument 'cmake_target_skip_unavailable' from command line to 'False'
[0.231s] Level 5:colcon.colcon_core.verb:set package 'swarm_node' build argument 'cmake_clean_cache' from command line to 'False'
[0.231s] Level 5:colcon.colcon_core.verb:set package 'swarm_node' build argument 'cmake_clean_first' from command line to 'False'
[0.231s] Level 5:colcon.colcon_core.verb:set package 'swarm_node' build argument 'cmake_force_configure' from command line to 'False'
[0.231s] Level 5:colcon.colcon_core.verb:set package 'swarm_node' build argument 'ament_cmake_args' from command line to 'None'
[0.231s] Level 5:colcon.colcon_core.verb:set package 'swarm_node' build argument 'catkin_cmake_args' from command line to 'None'
[0.231s] Level 5:colcon.colcon_core.verb:set package 'swarm_node' build argument 'catkin_skip_building_tests' from command line to 'False'
[0.231s] DEBUG:colcon.colcon_core.verb:Building package 'swarm_node' with the following arguments: {'ament_cmake_args': None, 'build_base': '/home/ayush/drone-ws-code/build/swarm_node', 'catkin_cmake_args': None, 'catkin_skip_building_tests': False, 'cmake_args': None, 'cmake_clean_cache': False, 'cmake_clean_first': False, 'cmake_force_configure': False, 'cmake_target': None, 'cmake_target_skip_unavailable': False, 'install_base': '/home/ayush/drone-ws-code/install/swarm_node', 'merge_install': False, 'path': '/home/ayush/drone-ws-code/swarm_node', 'symlink_install': False, 'test_result_base': None}
[0.231s] INFO:colcon.colcon_core.executor:Executing jobs using 'parallel' executor
[0.232s] DEBUG:colcon.colcon_parallel_executor.executor.parallel:run_until_complete
[0.232s] INFO:colcon.colcon_ros.task.ament_python.build:Building ROS package in '/home/ayush/drone-ws-code/drone_manual' with build type 'ament_python'
[0.232s] Level 1:colcon.colcon_core.shell:create_environment_hook('drone_manual', 'ament_prefix_path')
[0.237s] INFO:colcon.colcon_core.plugin_system:Skipping extension 'colcon_core.shell.bat': Not used on non-Windows systems
[0.237s] INFO:colcon.colcon_core.shell:Creating environment hook '/home/ayush/drone-ws-code/install/drone_manual/share/drone_manual/hook/ament_prefix_path.ps1'
[0.238s] INFO:colcon.colcon_core.shell:Creating environment descriptor '/home/ayush/drone-ws-code/install/drone_manual/share/drone_manual/hook/ament_prefix_path.dsv'
[0.238s] INFO:colcon.colcon_core.shell:Creating environment hook '/home/ayush/drone-ws-code/install/drone_manual/share/drone_manual/hook/ament_prefix_path.sh'
[0.239s] INFO:colcon.colcon_core.shell:Skip shell extension 'powershell' for command environment: Not usable outside of PowerShell
[0.239s] DEBUG:colcon.colcon_core.shell:Skip shell extension 'dsv' for command environment
[0.242s] INFO:colcon.colcon_ros.task.ament_python.build:Building ROS package in '/home/ayush/drone-ws-code/pymavlink_master' with build type 'ament_python'
[0.242s] Level 1:colcon.colcon_core.shell:create_environment_hook('pymavlink_master', 'ament_prefix_path')
[0.242s] INFO:colcon.colcon_core.shell:Creating environment hook '/home/ayush/drone-ws-code/install/pymavlink_master/share/pymavlink_master/hook/ament_prefix_path.ps1'
[0.243s] INFO:colcon.colcon_core.shell:Creating environment descriptor '/home/ayush/drone-ws-code/install/pymavlink_master/share/pymavlink_master/hook/ament_prefix_path.dsv'
[0.243s] INFO:colcon.colcon_core.shell:Creating environment hook '/home/ayush/drone-ws-code/install/pymavlink_master/share/pymavlink_master/hook/ament_prefix_path.sh'
[0.243s] INFO:colcon.colcon_core.shell:Skip shell extension 'powershell' for command environment: Not usable outside of PowerShell
[0.244s] DEBUG:colcon.colcon_core.shell:Skip shell extension 'dsv' for command environment
[0.247s] INFO:colcon.colcon_ros.task.ament_python.build:Building ROS package in '/home/ayush/drone-ws-code/swarm_node' with build type 'ament_python'
[0.247s] Level 1:colcon.colcon_core.shell:create_environment_hook('swarm_node', 'ament_prefix_path')
[0.247s] INFO:colcon.colcon_core.shell:Creating environment hook '/home/ayush/drone-ws-code/install/swarm_node/share/swarm_node/hook/ament_prefix_path.ps1'
[0.248s] INFO:colcon.colcon_core.shell:Creating environment descriptor '/home/ayush/drone-ws-code/install/swarm_node/share/swarm_node/hook/ament_prefix_path.dsv'
[0.248s] INFO:colcon.colcon_core.shell:Creating environment hook '/home/ayush/drone-ws-code/install/swarm_node/share/swarm_node/hook/ament_prefix_path.sh'
[0.248s] INFO:colcon.colcon_core.shell:Skip shell extension 'powershell' for command environment: Not usable outside of PowerShell
[0.248s] DEBUG:colcon.colcon_core.shell:Skip shell extension 'dsv' for command environment
[0.391s] INFO:colcon.colcon_core.task.python.build:Building Python package in '/home/ayush/drone-ws-code/drone_manual'
[0.391s] INFO:colcon.colcon_core.shell:Skip shell extension 'powershell' for command environment: Not usable outside of PowerShell
[0.391s] DEBUG:colcon.colcon_core.shell:Skip shell extension 'dsv' for command environment
[0.524s] INFO:colcon.colcon_core.task.python.build:Building Python package in '/home/ayush/drone-ws-code/pymavlink_master'
[0.524s] INFO:colcon.colcon_core.shell:Skip shell extension 'powershell' for command environment: Not usable outside of PowerShell
[0.524s] DEBUG:colcon.colcon_core.shell:Skip shell extension 'dsv' for command environment
[0.660s] INFO:colcon.colcon_core.task.python.build:Building Python package in '/home/ayush/drone-ws-code/swarm_node'
[0.660s] INFO:colcon.colcon_core.shell:Skip shell extension 'powershell' for command environment: Not usable outside of PowerShell
[0.660s] DEBUG:colcon.colcon_core.shell:Skip shell extension 'dsv' for command environment
[1.122s] DEBUG:colcon.colcon_core.event_handler.log_command:Invoking command in '/home/ayush/drone-ws-code/drone_manual': DEBUGINFOD_URLS=https://debuginfod.ubuntu.com PYTHONPATH=/home/ayush/drone-ws-code/build/drone_manual/prefix_override:/usr/lib/python3/dist-packages/colcon_core/task/python/colcon_distutils_commands:/home/ayush/drone-ws-code/install/drone_manual/lib/python3.12/site-packages:${PYTHONPATH} /usr/bin/python3 -W ignore:setup.py install is deprecated -W ignore:easy_install command is deprecated setup.py egg_info --egg-base ../build/drone_manual build --build-base /home/ayush/drone-ws-code/build/drone_manual/build install --record /home/ayush/drone-ws-code/build/drone_manual/install.log --single-version-externally-managed install_data
[1.127s] DEBUG:colcon.colcon_core.event_handler.log_command:Invoking command in '/home/ayush/drone-ws-code/swarm_node': DEBUGINFOD_URLS=https://debuginfod.ubuntu.com PYTHONPATH=/home/ayush/drone-ws-code/build/swarm_node/prefix_override:/usr/lib/python3/dist-packages/colcon_core/task/python/colcon_distutils_commands:/home/ayush/drone-ws-code/install/swarm_node/lib/python3.12/site-packages:${PYTHONPATH} /usr/bin/python3 -W ignore:setup.py install is deprecated -W ignore:easy_install command is deprecated setup.py egg_info --egg-base ../build/swarm_node build --build-base /home/ayush/drone-ws-code/build/swarm_node/build install --record /home/ayush/drone-ws-code/build/swarm_node/install.log --single-version-externally-managed install_data
[1.130s] DEBUG:colcon.colcon_core.event_handler.log_command:Invoking command in '/home/ayush/drone-ws-code/pymavlink_master': DEBUGINFOD_URLS=https://debuginfod.ubuntu.com PYTHONPATH=/home/ayush/drone-ws-code/build/pymavlink_master/prefix_override:/usr/lib/python3/dist-packages/colcon_core/task/python/colcon_distutils_commands:/home/ayush/drone-ws-code/install/pymavlink_master/lib/python3.12/site-packages:${PYTHONPATH} /usr/bin/python3 -W ignore:setup.py install is deprecated -W ignore:easy_install command is deprecated setup.py egg_info --egg-base ../build/pymavlink_master build --build-base /home/ayush/drone-ws-code/build/pymavlink_master/build install --record /home/ayush/drone-ws-code/build/pymavlink_master/install.log --single-version-externally-managed install_data
[1.449s] DEBUG:colcon.colcon_core.event_handler.log_command:Invoked command in '/home/ayush/drone-ws-code/pymavlink_master' returned '0': DEBUGINFOD_URLS=https://debuginfod.ubuntu.com PYTHONPATH=/home/ayush/drone-ws-code/build/pymavlink_master/prefix_override:/usr/lib/python3/dist-packages/colcon_core/task/python/colcon_distutils_commands:/home/ayush/drone-ws-code/install/pymavlink_master/lib/python3.12/site-packages:${PYTHONPATH} /usr/bin/python3 -W ignore:setup.py install is deprecated -W ignore:easy_install command is deprecated setup.py egg_info --egg-base ../build/pymavlink_master build --build-base /home/ayush/drone-ws-code/build/pymavlink_master/build install --record /home/ayush/drone-ws-code/build/pymavlink_master/install.log --single-version-externally-managed install_data
[1.453s] Level 1:colcon.colcon_core.environment:checking '/home/ayush/drone-ws-code/install/pymavlink_master' for CMake module files
[1.453s] Level 1:colcon.colcon_core.environment:checking '/home/ayush/drone-ws-code/install/pymavlink_master' for CMake config files
[1.454s] Level 1:colcon.colcon_core.environment:checking '/home/ayush/drone-ws-code/install/pymavlink_master/lib'
[1.454s] Level 1:colcon.colcon_core.environment:checking '/home/ayush/drone-ws-code/install/pymavlink_master/bin'
[1.454s] Level 1:colcon.colcon_core.environment:checking '/home/ayush/drone-ws-code/install/pymavlink_master/lib/pkgconfig/pymavlink_master.pc'
[1.454s] Level 1:colcon.colcon_core.environment:checking '/home/ayush/drone-ws-code/install/pymavlink_master/lib/python3.12/site-packages'
[1.454s] Level 1:colcon.colcon_core.shell:create_environment_hook('pymavlink_master', 'pythonpath')
[1.454s] INFO:colcon.colcon_core.shell:Creating environment hook '/home/ayush/drone-ws-code/install/pymavlink_master/share/pymavlink_master/hook/pythonpath.ps1'
[1.454s] INFO:colcon.colcon_core.shell:Creating environment descriptor '/home/ayush/drone-ws-code/install/pymavlink_master/share/pymavlink_master/hook/pythonpath.dsv'
[1.455s] INFO:colcon.colcon_core.shell:Creating environment hook '/home/ayush/drone-ws-code/install/pymavlink_master/share/pymavlink_master/hook/pythonpath.sh'
[1.455s] Level 1:colcon.colcon_core.environment:checking '/home/ayush/drone-ws-code/install/pymavlink_master/bin'
[1.455s] Level 1:colcon.colcon_core.environment:create_environment_scripts_only(pymavlink_master)
[1.455s] INFO:colcon.colcon_core.shell:Creating package script '/home/ayush/drone-ws-code/install/pymavlink_master/share/pymavlink_master/package.ps1'
[1.456s] INFO:colcon.colcon_core.shell:Creating package descriptor '/home/ayush/drone-ws-code/install/pymavlink_master/share/pymavlink_master/package.dsv'
[1.456s] INFO:colcon.colcon_core.shell:Creating package script '/home/ayush/drone-ws-code/install/pymavlink_master/share/pymavlink_master/package.sh'
[1.456s] INFO:colcon.colcon_core.shell:Creating package script '/home/ayush/drone-ws-code/install/pymavlink_master/share/pymavlink_master/package.bash'
[1.457s] INFO:colcon.colcon_core.shell:Creating package script '/home/ayush/drone-ws-code/install/pymavlink_master/share/pymavlink_master/package.zsh'
[1.457s] Level 1:colcon.colcon_core.environment:create_file_with_runtime_dependencies(/home/ayush/drone-ws-code/install/pymavlink_master/share/colcon-core/packages/pymavlink_master)
[1.458s] Level 1:colcon.colcon_core.environment:checking '/home/ayush/drone-ws-code/install/drone_manual' for CMake module files
[1.458s] Level 1:colcon.colcon_core.environment:checking '/home/ayush/drone-ws-code/install/drone_manual' for CMake config files
[1.459s] DEBUG:colcon.colcon_core.event_handler.log_command:Invoked command in '/home/ayush/drone-ws-code/drone_manual' returned '0': DEBUGINFOD_URLS=https://debuginfod.ubuntu.com PYTHONPATH=/home/ayush/drone-ws-code/build/drone_manual/prefix_override:/usr/lib/python3/dist-packages/colcon_core/task/python/colcon_distutils_commands:/home/ayush/drone-ws-code/install/drone_manual/lib/python3.12/site-packages:${PYTHONPATH} /usr/bin/python3 -W ignore:setup.py install is deprecated -W ignore:easy_install command is deprecated setup.py egg_info --egg-base ../build/drone_manual build --build-base /home/ayush/drone-ws-code/build/drone_manual/build install --record /home/ayush/drone-ws-code/build/drone_manual/install.log --single-version-externally-managed install_data
[1.459s] Level 1:colcon.colcon_core.environment:checking '/home/ayush/drone-ws-code/install/drone_manual/lib'
[1.459s] Level 1:colcon.colcon_core.environment:checking '/home/ayush/drone-ws-code/install/drone_manual/bin'
[1.459s] Level 1:colcon.colcon_core.environment:checking '/home/ayush/drone-ws-code/install/drone_manual/lib/pkgconfig/drone_manual.pc'
[1.459s] Level 1:colcon.colcon_core.environment:checking '/home/ayush/drone-ws-code/install/drone_manual/lib/python3.12/site-packages'
[1.460s] Level 1:colcon.colcon_core.shell:create_environment_hook('drone_manual', 'pythonpath')
[1.460s] INFO:colcon.colcon_core.shell:Creating environment hook '/home/ayush/drone-ws-code/install/drone_manual/share/drone_manual/hook/pythonpath.ps1'
[1.460s] INFO:colcon.colcon_core.shell:Creating environment descriptor '/home/ayush/drone-ws-code/install/drone_manual/share/drone_manual/hook/pythonpath.dsv'
[1.460s] INFO:colcon.colcon_core.shell:Creating environment hook '/home/ayush/drone-ws-code/install/drone_manual/share/drone_manual/hook/pythonpath.sh'
[1.460s] Level 1:colcon.colcon_core.environment:checking '/home/ayush/drone-ws-code/install/drone_manual/bin'
[1.460s] Level 1:colcon.colcon_core.environment:create_environment_scripts_only(drone_manual)
[1.461s] INFO:colcon.colcon_core.shell:Creating package script '/home/ayush/drone-ws-code/install/drone_manual/share/drone_manual/package.ps1'
[1.461s] INFO:colcon.colcon_core.shell:Creating package descriptor '/home/ayush/drone-ws-code/install/drone_manual/share/drone_manual/package.dsv'
[1.461s] INFO:colcon.colcon_core.shell:Creating package script '/home/ayush/drone-ws-code/install/drone_manual/share/drone_manual/package.sh'
[1.462s] INFO:colcon.colcon_core.shell:Creating package script '/home/ayush/drone-ws-code/install/drone_manual/share/drone_manual/package.bash'
[1.462s] INFO:colcon.colcon_core.shell:Creating package script '/home/ayush/drone-ws-code/install/drone_manual/share/drone_manual/package.zsh'
[1.462s] Level 1:colcon.colcon_core.environment:create_file_with_runtime_dependencies(/home/ayush/drone-ws-code/install/drone_manual/share/colcon-core/packages/drone_manual)
[1.471s] Level 1:colcon.colcon_core.environment:checking '/home/ayush/drone-ws-code/install/swarm_node' for CMake module files
[1.472s] DEBUG:colcon.colcon_core.event_handler.log_command:Invoked command in '/home/ayush/drone-ws-code/swarm_node' returned '0': DEBUGINFOD_URLS=https://debuginfod.ubuntu.com PYTHONPATH=/home/ayush/drone-ws-code/build/swarm_node/prefix_override:/usr/lib/python3/dist-packages/colcon_core/task/python/colcon_distutils_commands:/home/ayush/drone-ws-code/install/swarm_node/lib/python3.12/site-packages:${PYTHONPATH} /usr/bin/python3 -W ignore:setup.py install is deprecated -W ignore:easy_install command is deprecated setup.py egg_info --egg-base ../build/swarm_node build --build-base /home/ayush/drone-ws-code/build/swarm_node/build install --record /home/ayush/drone-ws-code/build/swarm_node/install.log --single-version-externally-managed install_data
[1.472s] Level 1:colcon.colcon_core.environment:checking '/home/ayush/drone-ws-code/install/swarm_node' for CMake config files
[1.473s] Level 1:colcon.colcon_core.environment:checking '/home/ayush/drone-ws-code/install/swarm_node/lib'
[1.473s] Level 1:colcon.colcon_core.environment:checking '/home/ayush/drone-ws-code/install/swarm_node/bin'
[1.473s] Level 1:colcon.colcon_core.environment:checking '/home/ayush/drone-ws-code/install/swarm_node/lib/pkgconfig/swarm_node.pc'
[1.473s] Level 1:colcon.colcon_core.environment:checking '/home/ayush/drone-ws-code/install/swarm_node/lib/python3.12/site-packages'
[1.473s] Level 1:colcon.colcon_core.shell:create_environment_hook('swarm_node', 'pythonpath')
[1.473s] INFO:colcon.colcon_core.shell:Creating environment hook '/home/ayush/drone-ws-code/install/swarm_node/share/swarm_node/hook/pythonpath.ps1'
[1.473s] INFO:colcon.colcon_core.shell:Creating environment descriptor '/home/ayush/drone-ws-code/install/swarm_node/share/swarm_node/hook/pythonpath.dsv'
[1.474s] INFO:colcon.colcon_core.shell:Creating environment hook '/home/ayush/drone-ws-code/install/swarm_node/share/swarm_node/hook/pythonpath.sh'
[1.474s] Level 1:colcon.colcon_core.environment:checking '/home/ayush/drone-ws-code/install/swarm_node/bin'
[1.474s] Level 1:colcon.colcon_core.environment:create_environment_scripts_only(swarm_node)
[1.474s] INFO:colcon.colcon_core.shell:Creating package script '/home/ayush/drone-ws-code/install/swarm_node/share/swarm_node/package.ps1'
[1.474s] INFO:colcon.colcon_core.shell:Creating package descriptor '/home/ayush/drone-ws-code/install/swarm_node/share/swarm_node/package.dsv'
[1.474s] INFO:colcon.colcon_core.shell:Creating package script '/home/ayush/drone-ws-code/install/swarm_node/share/swarm_node/package.sh'
[1.475s] INFO:colcon.colcon_core.shell:Creating package script '/home/ayush/drone-ws-code/install/swarm_node/share/swarm_node/package.bash'
[1.475s] INFO:colcon.colcon_core.shell:Creating package script '/home/ayush/drone-ws-code/install/swarm_node/share/swarm_node/package.zsh'
[1.475s] Level 1:colcon.colcon_core.environment:create_file_with_runtime_dependencies(/home/ayush/drone-ws-code/install/swarm_node/share/colcon-core/packages/swarm_node)
[1.475s] DEBUG:colcon.colcon_parallel_executor.executor.parallel:closing loop
[1.476s] DEBUG:colcon.colcon_parallel_executor.executor.parallel:loop closed
[1.476s] DEBUG:colcon.colcon_parallel_executor.executor.parallel:run_until_complete finished with '0'
[1.476s] DEBUG:colcon.colcon_core.event_reactor:joining thread
[1.482s] INFO:colcon.colcon_core.plugin_system:Skipping extension 'colcon_notification.desktop_notification.terminal_notifier': Not used on non-Darwin systems
[1.482s] INFO:colcon.colcon_core.plugin_system:Skipping extension 'colcon_notification.desktop_notification.win32': Not used on non-Windows systems
[1.482s] INFO:colcon.colcon_notification.desktop_notification:Sending desktop notification using 'notify2'
[1.503s] DEBUG:colcon.colcon_core.event_reactor:joined thread
[1.503s] INFO:colcon.colcon_core.shell:Creating prefix script '/home/ayush/drone-ws-code/install/local_setup.ps1'
[1.504s] INFO:colcon.colcon_core.shell:Creating prefix util module '/home/ayush/drone-ws-code/install/_local_setup_util_ps1.py'
[1.505s] INFO:colcon.colcon_core.shell:Creating prefix chain script '/home/ayush/drone-ws-code/install/setup.ps1'
[1.506s] INFO:colcon.colcon_core.shell:Creating prefix script '/home/ayush/drone-ws-code/install/local_setup.sh'
[1.507s] INFO:colcon.colcon_core.shell:Creating prefix util module '/home/ayush/drone-ws-code/install/_local_setup_util_sh.py'
[1.507s] INFO:colcon.colcon_core.shell:Creating prefix chain script '/home/ayush/drone-ws-code/install/setup.sh'
[1.508s] INFO:colcon.colcon_core.shell:Creating prefix script '/home/ayush/drone-ws-code/install/local_setup.bash'
[1.508s] INFO:colcon.colcon_core.shell:Creating prefix chain script '/home/ayush/drone-ws-code/install/setup.bash'
[1.509s] INFO:colcon.colcon_core.shell:Creating prefix script '/home/ayush/drone-ws-code/install/local_setup.zsh'
[1.509s] INFO:colcon.colcon_core.shell:Creating prefix chain script '/home/ayush/drone-ws-code/install/setup.zsh'
