[0.735s] Invoking command in '/home/ayush/drone-ws-code/pymavlink_master': DEBUGINFOD_URLS=https://debuginfod.ubuntu.com PS1=(sentry_env) \[\e]0;\u@\h: \w\a\]${debian_chroot:+($debian_chroot)}\[\033[01;32m\]\u@\h\[\033[00m\]:\[\033[01;34m\]\w\[\033[00m\]\$ PYTHONPATH=/home/ayush/drone-ws-code/build/pymavlink_master/prefix_override:/usr/lib/python3/dist-packages/colcon_core/task/python/colcon_distutils_commands:/home/ayush/drone-ws-code/install/pymavlink_master/lib/python3.12/site-packages:${PYTHONPATH} VIRTUAL_ENV_PROMPT=(sentry_env) /usr/bin/python3 -W ignore:setup.py install is deprecated -W ignore:easy_install command is deprecated setup.py egg_info --egg-base ../build/pymavlink_master build --build-base /home/ayush/drone-ws-code/build/pymavlink_master/build install --record /home/ayush/drone-ws-code/build/pymavlink_master/install.log --single-version-externally-managed install_data
[0.897s] running egg_info
[0.907s] writing ../build/pymavlink_master/pymavlink_master.egg-info/PKG-INFO
[0.907s] writing dependency_links to ../build/pymavlink_master/pymavlink_master.egg-info/dependency_links.txt
[0.907s] writing entry points to ../build/pymavlink_master/pymavlink_master.egg-info/entry_points.txt
[0.908s] writing requirements to ../build/pymavlink_master/pymavlink_master.egg-info/requires.txt
[0.908s] writing top-level names to ../build/pymavlink_master/pymavlink_master.egg-info/top_level.txt
[0.929s] reading manifest file '../build/pymavlink_master/pymavlink_master.egg-info/SOURCES.txt'
[0.929s] writing manifest file '../build/pymavlink_master/pymavlink_master.egg-info/SOURCES.txt'
[0.929s] running build
[0.929s] running build_py
[0.930s] copying pymavlink_master/master.py -> /home/ayush/drone-ws-code/build/pymavlink_master/build/lib/pymavlink_master
[0.930s] copying pymavlink_master/telemetry.py -> /home/ayush/drone-ws-code/build/pymavlink_master/build/lib/pymavlink_master
[0.930s] running install
[0.934s] running install_lib
[0.944s] copying /home/ayush/drone-ws-code/build/pymavlink_master/build/lib/pymavlink_master/master.py -> /home/ayush/drone-ws-code/install/pymavlink_master/lib/python3.12/site-packages/pymavlink_master
[0.944s] copying /home/ayush/drone-ws-code/build/pymavlink_master/build/lib/pymavlink_master/telemetry.py -> /home/ayush/drone-ws-code/install/pymavlink_master/lib/python3.12/site-packages/pymavlink_master
[0.944s] byte-compiling /home/ayush/drone-ws-code/install/pymavlink_master/lib/python3.12/site-packages/pymavlink_master/master.py to master.cpython-312.pyc
[0.945s] byte-compiling /home/ayush/drone-ws-code/install/pymavlink_master/lib/python3.12/site-packages/pymavlink_master/telemetry.py to telemetry.cpython-312.pyc
[0.946s] running install_data
[0.946s] running install_egg_info
[0.957s] removing '/home/ayush/drone-ws-code/install/pymavlink_master/lib/python3.12/site-packages/pymavlink_master-0.0.0-py3.12.egg-info' (and everything under it)
[0.957s] Copying ../build/pymavlink_master/pymavlink_master.egg-info to /home/ayush/drone-ws-code/install/pymavlink_master/lib/python3.12/site-packages/pymavlink_master-0.0.0-py3.12.egg-info
[0.958s] running install_scripts
[1.031s] Installing start_link script to /home/ayush/drone-ws-code/install/pymavlink_master/lib/pymavlink_master
[1.031s] Installing telemetry_node script to /home/ayush/drone-ws-code/install/pymavlink_master/lib/pymavlink_master
[1.031s] writing list of installed files to '/home/ayush/drone-ws-code/build/pymavlink_master/install.log'
[1.052s] Invoked command in '/home/ayush/drone-ws-code/pymavlink_master' returned '0': DEBUGINFOD_URLS=https://debuginfod.ubuntu.com PS1=(sentry_env) \[\e]0;\u@\h: \w\a\]${debian_chroot:+($debian_chroot)}\[\033[01;32m\]\u@\h\[\033[00m\]:\[\033[01;34m\]\w\[\033[00m\]\$ PYTHONPATH=/home/ayush/drone-ws-code/build/pymavlink_master/prefix_override:/usr/lib/python3/dist-packages/colcon_core/task/python/colcon_distutils_commands:/home/ayush/drone-ws-code/install/pymavlink_master/lib/python3.12/site-packages:${PYTHONPATH} VIRTUAL_ENV_PROMPT=(sentry_env) /usr/bin/python3 -W ignore:setup.py install is deprecated -W ignore:easy_install command is deprecated setup.py egg_info --egg-base ../build/pymavlink_master build --build-base /home/ayush/drone-ws-code/build/pymavlink_master/build install --record /home/ayush/drone-ws-code/build/pymavlink_master/install.log --single-version-externally-managed install_data
