[0.619s] Invoking command in '/home/ayush/drone-ws-code/drone_manual': DEBUGINFOD_URLS=https://debuginfod.ubuntu.com PYTHONPATH=/home/ayush/drone-ws-code/build/drone_manual/prefix_override:/usr/lib/python3/dist-packages/colcon_core/task/python/colcon_distutils_commands:/home/ayush/drone-ws-code/install/drone_manual/lib/python3.12/site-packages:${PYTHONPATH} /usr/bin/python3 -W ignore:setup.py install is deprecated -W ignore:easy_install command is deprecated setup.py egg_info --egg-base ../build/drone_manual build --build-base /home/ayush/drone-ws-code/build/drone_manual/build install --record /home/ayush/drone-ws-code/build/drone_manual/install.log --single-version-externally-managed install_data
[0.766s] running egg_info
[0.776s] writing ../build/drone_manual/drone_manual.egg-info/PKG-INFO
[0.776s] writing dependency_links to ../build/drone_manual/drone_manual.egg-info/dependency_links.txt
[0.777s] writing entry points to ../build/drone_manual/drone_manual.egg-info/entry_points.txt
[0.777s] writing requirements to ../build/drone_manual/drone_manual.egg-info/requires.txt
[0.777s] writing top-level names to ../build/drone_manual/drone_manual.egg-info/top_level.txt
[0.797s] reading manifest file '../build/drone_manual/drone_manual.egg-info/SOURCES.txt'
[0.798s] writing manifest file '../build/drone_manual/drone_manual.egg-info/SOURCES.txt'
[0.798s] running build
[0.798s] running build_py
[0.798s] running install
[0.802s] running install_lib
[0.812s] running install_data
[0.812s] running install_egg_info
[0.823s] removing '/home/ayush/drone-ws-code/install/drone_manual/lib/python3.12/site-packages/drone_manual-0.0.0-py3.12.egg-info' (and everything under it)
[0.824s] Copying ../build/drone_manual/drone_manual.egg-info to /home/ayush/drone-ws-code/install/drone_manual/lib/python3.12/site-packages/drone_manual-0.0.0-py3.12.egg-info
[0.824s] running install_scripts
[0.898s] Installing joy_subscriber script to /home/ayush/drone-ws-code/install/drone_manual/lib/drone_manual
[0.898s] writing list of installed files to '/home/ayush/drone-ws-code/build/drone_manual/install.log'
[0.922s] Invoked command in '/home/ayush/drone-ws-code/drone_manual' returned '0': DEBUGINFOD_URLS=https://debuginfod.ubuntu.com PYTHONPATH=/home/ayush/drone-ws-code/build/drone_manual/prefix_override:/usr/lib/python3/dist-packages/colcon_core/task/python/colcon_distutils_commands:/home/ayush/drone-ws-code/install/drone_manual/lib/python3.12/site-packages:${PYTHONPATH} /usr/bin/python3 -W ignore:setup.py install is deprecated -W ignore:easy_install command is deprecated setup.py egg_info --egg-base ../build/drone_manual build --build-base /home/ayush/drone-ws-code/build/drone_manual/build install --record /home/ayush/drone-ws-code/build/drone_manual/install.log --single-version-externally-managed install_data
