running egg_info
writing ../build/drone_manual/drone_manual.egg-info/PKG-INFO
writing dependency_links to ../build/drone_manual/drone_manual.egg-info/dependency_links.txt
writing entry points to ../build/drone_manual/drone_manual.egg-info/entry_points.txt
writing requirements to ../build/drone_manual/drone_manual.egg-info/requires.txt
writing top-level names to ../build/drone_manual/drone_manual.egg-info/top_level.txt
reading manifest file '../build/drone_manual/drone_manual.egg-info/SOURCES.txt'
writing manifest file '../build/drone_manual/drone_manual.egg-info/SOURCES.txt'
running build
running build_py
copying drone_manual/joy_subscriber.py -> /home/ayush/drone-ws-code/build/drone_manual/build/lib/drone_manual
running install
running install_lib
copying /home/ayush/drone-ws-code/build/drone_manual/build/lib/drone_manual/joy_subscriber.py -> /home/ayush/drone-ws-code/install/drone_manual/lib/python3.12/site-packages/drone_manual
byte-compiling /home/ayush/drone-ws-code/install/drone_manual/lib/python3.12/site-packages/drone_manual/joy_subscriber.py to joy_subscriber.cpython-312.pyc
running install_data
copying launch/manual_flight.launch.py -> /home/ayush/drone-ws-code/install/drone_manual/share/drone_manual/launch
running install_egg_info
removing '/home/ayush/drone-ws-code/install/drone_manual/lib/python3.12/site-packages/drone_manual-0.0.0-py3.12.egg-info' (and everything under it)
Copying ../build/drone_manual/drone_manual.egg-info to /home/ayush/drone-ws-code/install/drone_manual/lib/python3.12/site-packages/drone_manual-0.0.0-py3.12.egg-info
running install_scripts
Installing joy_subscriber script to /home/ayush/drone-ws-code/install/drone_manual/lib/drone_manual
writing list of installed files to '/home/ayush/drone-ws-code/build/drone_manual/install.log'
