[0.787s] Invoking command in '/home/ayush/drone-ws-code/swarm_node': DEBUGINFOD_URLS=https://debuginfod.ubuntu.com PYTHONPATH=/home/ayush/drone-ws-code/build/swarm_node/prefix_override:/usr/lib/python3/dist-packages/colcon_core/task/python/colcon_distutils_commands:/home/ayush/drone-ws-code/install/swarm_node/lib/python3.12/site-packages:${PYTHONPATH} /usr/bin/python3 -W ignore:setup.py install is deprecated -W ignore:easy_install command is deprecated setup.py egg_info --egg-base ../build/swarm_node build --build-base /home/ayush/drone-ws-code/build/swarm_node/build install --record /home/ayush/drone-ws-code/build/swarm_node/install.log --single-version-externally-managed install_data
[1.069s] running egg_info
[1.096s] writing ../build/swarm_node/swarm_node.egg-info/PKG-INFO
[1.096s] writing dependency_links to ../build/swarm_node/swarm_node.egg-info/dependency_links.txt
[1.096s] writing entry points to ../build/swarm_node/swarm_node.egg-info/entry_points.txt
[1.096s] writing requirements to ../build/swarm_node/swarm_node.egg-info/requires.txt
[1.097s] writing top-level names to ../build/swarm_node/swarm_node.egg-info/top_level.txt
[1.153s] reading manifest file '../build/swarm_node/swarm_node.egg-info/SOURCES.txt'
[1.153s] writing manifest file '../build/swarm_node/swarm_node.egg-info/SOURCES.txt'
[1.154s] running build
[1.154s] running build_py
[1.154s] running install
[1.175s] running install_lib
[1.186s] running install_data
[1.186s] running install_egg_info
[1.238s] removing '/home/ayush/drone-ws-code/install/swarm_node/lib/python3.12/site-packages/swarm_node-0.0.0-py3.12.egg-info' (and everything under it)
[1.238s] Copying ../build/swarm_node/swarm_node.egg-info to /home/ayush/drone-ws-code/install/swarm_node/lib/python3.12/site-packages/swarm_node-0.0.0-py3.12.egg-info
[1.238s] running install_scripts
[1.425s] Installing rgb_node script to /home/ayush/drone-ws-code/install/swarm_node/lib/swarm_node
[1.425s] writing list of installed files to '/home/ayush/drone-ws-code/build/swarm_node/install.log'
[1.447s] Invoked command in '/home/ayush/drone-ws-code/swarm_node' returned '0': DEBUGINFOD_URLS=https://debuginfod.ubuntu.com PYTHONPATH=/home/ayush/drone-ws-code/build/swarm_node/prefix_override:/usr/lib/python3/dist-packages/colcon_core/task/python/colcon_distutils_commands:/home/ayush/drone-ws-code/install/swarm_node/lib/python3.12/site-packages:${PYTHONPATH} /usr/bin/python3 -W ignore:setup.py install is deprecated -W ignore:easy_install command is deprecated setup.py egg_info --egg-base ../build/swarm_node build --build-base /home/ayush/drone-ws-code/build/swarm_node/build install --record /home/ayush/drone-ws-code/build/swarm_node/install.log --single-version-externally-managed install_data
