[0.858s] Invoking command in '/home/ayush/drone-ws-code/drone_manual': DEBUGINFOD_URLS=https://debuginfod.ubuntu.com PS1=(sentry_env) \[\e]0;\u@\h: \w\a\]${debian_chroot:+($debian_chroot)}\[\033[01;32m\]\u@\h\[\033[00m\]:\[\033[01;34m\]\w\[\033[00m\]\$ PYTHONPATH=/home/ayush/drone-ws-code/build/drone_manual/prefix_override:/usr/lib/python3/dist-packages/colcon_core/task/python/colcon_distutils_commands:/home/ayush/drone-ws-code/install/drone_manual/lib/python3.12/site-packages:${PYTHONPATH} VIRTUAL_ENV_PROMPT=(sentry_env) /usr/bin/python3 -W ignore:setup.py install is deprecated -W ignore:easy_install command is deprecated setup.py egg_info --egg-base ../build/drone_manual build --build-base /home/ayush/drone-ws-code/build/drone_manual/build install --record /home/ayush/drone-ws-code/build/drone_manual/install.log --single-version-externally-managed install_data
[1.013s] running egg_info
[1.026s] writing ../build/drone_manual/drone_manual.egg-info/PKG-INFO
[1.026s] writing dependency_links to ../build/drone_manual/drone_manual.egg-info/dependency_links.txt
[1.026s] writing entry points to ../build/drone_manual/drone_manual.egg-info/entry_points.txt
[1.026s] writing requirements to ../build/drone_manual/drone_manual.egg-info/requires.txt
[1.026s] writing top-level names to ../build/drone_manual/drone_manual.egg-info/top_level.txt
[1.048s] reading manifest file '../build/drone_manual/drone_manual.egg-info/SOURCES.txt'
[1.049s] writing manifest file '../build/drone_manual/drone_manual.egg-info/SOURCES.txt'
[1.049s] running build
[1.049s] running build_py
[1.049s] running install
[1.053s] running install_lib
[1.064s] running install_data
[1.064s] running install_egg_info
[1.076s] removing '/home/ayush/drone-ws-code/install/drone_manual/lib/python3.12/site-packages/drone_manual-0.0.0-py3.12.egg-info' (and everything under it)
[1.076s] Copying ../build/drone_manual/drone_manual.egg-info to /home/ayush/drone-ws-code/install/drone_manual/lib/python3.12/site-packages/drone_manual-0.0.0-py3.12.egg-info
[1.076s] running install_scripts
[1.149s] Installing joy_subscriber script to /home/ayush/drone-ws-code/install/drone_manual/lib/drone_manual
[1.149s] writing list of installed files to '/home/ayush/drone-ws-code/build/drone_manual/install.log'
[1.190s] Invoked command in '/home/ayush/drone-ws-code/drone_manual' returned '0': DEBUGINFOD_URLS=https://debuginfod.ubuntu.com PS1=(sentry_env) \[\e]0;\u@\h: \w\a\]${debian_chroot:+($debian_chroot)}\[\033[01;32m\]\u@\h\[\033[00m\]:\[\033[01;34m\]\w\[\033[00m\]\$ PYTHONPATH=/home/ayush/drone-ws-code/build/drone_manual/prefix_override:/usr/lib/python3/dist-packages/colcon_core/task/python/colcon_distutils_commands:/home/ayush/drone-ws-code/install/drone_manual/lib/python3.12/site-packages:${PYTHONPATH} VIRTUAL_ENV_PROMPT=(sentry_env) /usr/bin/python3 -W ignore:setup.py install is deprecated -W ignore:easy_install command is deprecated setup.py egg_info --egg-base ../build/drone_manual build --build-base /home/ayush/drone-ws-code/build/drone_manual/build install --record /home/ayush/drone-ws-code/build/drone_manual/install.log --single-version-externally-managed install_data
