[0.841s] Invoking command in '/home/ayush/drone-ws-code/pymavlink_master': DEBUGINFOD_URLS=https://debuginfod.ubuntu.com PS1=(sentry_env) \[\e]0;\u@\h: \w\a\]${debian_chroot:+($debian_chroot)}\[\033[01;32m\]\u@\h\[\033[00m\]:\[\033[01;34m\]\w\[\033[00m\]\$ PYTHONPATH=/home/ayush/drone-ws-code/build/pymavlink_master/prefix_override:/usr/lib/python3/dist-packages/colcon_core/task/python/colcon_distutils_commands:/home/ayush/drone-ws-code/install/pymavlink_master/lib/python3.12/site-packages:${PYTHONPATH} VIRTUAL_ENV_PROMPT=(sentry_env) /usr/bin/python3 -W ignore:setup.py install is deprecated -W ignore:easy_install command is deprecated setup.py egg_info --egg-base ../build/pymavlink_master build --build-base /home/ayush/drone-ws-code/build/pymavlink_master/build install --record /home/ayush/drone-ws-code/build/pymavlink_master/install.log --single-version-externally-managed install_data
[0.992s] running egg_info
[1.002s] writing ../build/pymavlink_master/pymavlink_master.egg-info/PKG-INFO
[1.002s] writing dependency_links to ../build/pymavlink_master/pymavlink_master.egg-info/dependency_links.txt
[1.002s] writing entry points to ../build/pymavlink_master/pymavlink_master.egg-info/entry_points.txt
[1.003s] writing requirements to ../build/pymavlink_master/pymavlink_master.egg-info/requires.txt
[1.003s] writing top-level names to ../build/pymavlink_master/pymavlink_master.egg-info/top_level.txt
[1.024s] reading manifest file '../build/pymavlink_master/pymavlink_master.egg-info/SOURCES.txt'
[1.024s] writing manifest file '../build/pymavlink_master/pymavlink_master.egg-info/SOURCES.txt'
[1.024s] running build
[1.025s] running build_py
[1.025s] copying pymavlink_master/master.py -> /home/ayush/drone-ws-code/build/pymavlink_master/build/lib/pymavlink_master
[1.025s] running install
[1.029s] running install_lib
[1.039s] copying /home/ayush/drone-ws-code/build/pymavlink_master/build/lib/pymavlink_master/master.py -> /home/ayush/drone-ws-code/install/pymavlink_master/lib/python3.12/site-packages/pymavlink_master
[1.040s] byte-compiling /home/ayush/drone-ws-code/install/pymavlink_master/lib/python3.12/site-packages/pymavlink_master/master.py to master.cpython-312.pyc
[1.041s] running install_data
[1.041s] running install_egg_info
[1.052s] removing '/home/ayush/drone-ws-code/install/pymavlink_master/lib/python3.12/site-packages/pymavlink_master-0.0.0-py3.12.egg-info' (and everything under it)
[1.052s] Copying ../build/pymavlink_master/pymavlink_master.egg-info to /home/ayush/drone-ws-code/install/pymavlink_master/lib/python3.12/site-packages/pymavlink_master-0.0.0-py3.12.egg-info
[1.053s] running install_scripts
[1.126s] Installing start_link script to /home/ayush/drone-ws-code/install/pymavlink_master/lib/pymavlink_master
[1.126s] writing list of installed files to '/home/ayush/drone-ws-code/build/pymavlink_master/install.log'
[1.145s] Invoked command in '/home/ayush/drone-ws-code/pymavlink_master' returned '0': DEBUGINFOD_URLS=https://debuginfod.ubuntu.com PS1=(sentry_env) \[\e]0;\u@\h: \w\a\]${debian_chroot:+($debian_chroot)}\[\033[01;32m\]\u@\h\[\033[00m\]:\[\033[01;34m\]\w\[\033[00m\]\$ PYTHONPATH=/home/ayush/drone-ws-code/build/pymavlink_master/prefix_override:/usr/lib/python3/dist-packages/colcon_core/task/python/colcon_distutils_commands:/home/ayush/drone-ws-code/install/pymavlink_master/lib/python3.12/site-packages:${PYTHONPATH} VIRTUAL_ENV_PROMPT=(sentry_env) /usr/bin/python3 -W ignore:setup.py install is deprecated -W ignore:easy_install command is deprecated setup.py egg_info --egg-base ../build/pymavlink_master build --build-base /home/ayush/drone-ws-code/build/pymavlink_master/build install --record /home/ayush/drone-ws-code/build/pymavlink_master/install.log --single-version-externally-managed install_data
